<?xml version="1.0" encoding="UTF-8"?>
<testng-results ignored="0" total="2" passed="2" failed="0" skipped="0">
  <reporter-output>
  </reporter-output>
  <suite started-at="2022-10-10T09:57:57 IST" name="Suite" finished-at="2022-10-10T09:58:47 IST" duration-ms="49764">
    <groups>
    </groups>
    <test started-at="2022-10-10T09:57:57 IST" name="Test1" finished-at="2022-10-10T09:57:57 IST" duration-ms="24">
    </test> <!-- Test1 -->
    <test started-at="2022-10-10T09:57:57 IST" name="Test2" finished-at="2022-10-10T09:58:38 IST" duration-ms="40558">
      <class name="Cross_Browser.Cross_Browser_Testing">
        <test-method signature="BrowserTest(java.lang.String)[pri:0, instance:Cross_Browser.Cross_Browser_Testing@5acf93bb]" started-at="2022-10-10T09:57:57 IST" name="BrowserTest" finished-at="2022-10-10T09:58:38 IST" duration-ms="40448" status="PASS">
          <params>
            <param index="0">
              <value>
                <![CDATA[Chrome]]>
              </value>
            </param>
          </params>
          <reporter-output>
          </reporter-output>
        </test-method> <!-- BrowserTest -->
      </class> <!-- Cross_Browser.Cross_Browser_Testing -->
    </test> <!-- Test2 -->
    <test started-at="2022-10-10T09:57:57 IST" name="Test" finished-at="2022-10-10T09:58:47 IST" duration-ms="49763">
      <class name="Cross_Browser.Cross_Browser_Testing">
        <test-method signature="BrowserTest(java.lang.String)[pri:0, instance:Cross_Browser.Cross_Browser_Testing@4a7f959b]" started-at="2022-10-10T09:57:57 IST" name="BrowserTest" finished-at="2022-10-10T09:58:47 IST" duration-ms="49665" status="PASS">
          <params>
            <param index="0">
              <value>
                <![CDATA[FireFox]]>
              </value>
            </param>
          </params>
          <reporter-output>
          </reporter-output>
        </test-method> <!-- BrowserTest -->
      </class> <!-- Cross_Browser.Cross_Browser_Testing -->
    </test> <!-- Test -->
  </suite> <!-- Suite -->
</testng-results>
